time="2024-07-23T17:56:36+07:00" level=error msg=EOF
time="2024-07-23T17:58:47+07:00" level=error msg=EOF
time="2024-07-23T17:59:20+07:00" level=error msg=EOF
time="2024-07-23T18:00:05+07:00" level=error msg=EOF
time="2024-07-23T18:00:36+07:00" level=error msg=EOF
time="2024-07-23T18:01:37+07:00" level=error msg="json: cannot unmarshal number into Go struct field RegisterRequest.role_id of type string"
time="2024-07-23T18:47:47+07:00" level=error msg="Email is already exist!"
time="2024-07-23T18:58:50+07:00" level=error msg="Email is already exist!"
time="2024-07-23T18:58:53+07:00" level=error msg="Email is already exist!"
time="2024-07-23T19:00:50+07:00" level=error msg="Email is already exist!"
time="2024-07-23T19:01:36+07:00" level=error msg="Email is already exist!"
time="2024-07-23T19:47:13+07:00" level=error msg="pq: syntax error at or near \"SELECT\""
time="2024-07-23T19:49:31+07:00" level=error msg="pq: column reference \"id\" is ambiguous"
time="2024-07-23T19:51:37+07:00" level=error msg="driver: bad connection"
time="2024-07-23T19:51:49+07:00" level=error msg="driver: bad connection"
time="2024-07-23T19:52:29+07:00" level=error msg="driver: bad connection"
time="2024-07-23T19:52:48+07:00" level=error msg="driver: bad connection"
time="2024-07-23T19:53:05+07:00" level=error msg="driver: bad connection"
time="2024-07-23T19:53:50+07:00" level=error msg="driver: bad connection"
time="2024-07-23T19:54:16+07:00" level=error msg="driver: bad connection"
time="2024-07-23T20:40:00+07:00" level=error msg="interface conversion: interface {} is map[string]interface {}, not domain.JWTAuthClaims"
time="2024-07-23T21:12:14+07:00" level=error msg="pq: syntax error at or near \"WHRE\""
time="2024-07-24T12:13:09+07:00" level=error msg="pq: insert or update on table \"products\" violates foreign key constraint \"products_merchant_id_fkey\""
time="2024-07-24T12:15:03+07:00" level=error msg="pq: insert or update on table \"products\" violates foreign key constraint \"products_merchant_id_fkey\""
time="2024-07-24T12:40:13+07:00" level=error msg="sql: no rows in result set"
time="2024-07-24T12:41:14+07:00" level=error msg="sql: no rows in result set"
time="2024-07-24T12:41:58+07:00" level=error msg="sql: no rows in result set"
time="2024-07-24T12:43:50+07:00" level=error msg="strconv.Atoi: parsing \"\": invalid syntax"
time="2024-07-24T12:44:45+07:00" level=error msg="strconv.Atoi: parsing \"\": invalid syntax"
time="2024-07-24T12:44:51+07:00" level=error msg="strconv.Atoi: parsing \"\": invalid syntax"
time="2024-07-24T12:45:25+07:00" level=error msg="strconv.Atoi: parsing \"\": invalid syntax"
time="2024-07-24T12:45:58+07:00" level=error msg="strconv.Atoi: parsing \"\": invalid syntax"
time="2024-07-24T12:46:12+07:00" level=error msg="strconv.Atoi: parsing \"\": invalid syntax"
time="2024-07-24T12:46:28+07:00" level=error msg="strconv.Atoi: parsing \"\": invalid syntax"
time="2024-07-24T12:53:52+07:00" level=error msg="pq: numeric field overflow"
time="2024-07-24T13:35:56+07:00" level=error msg="pq: syntax error at end of input"
time="2024-07-24T13:37:09+07:00" level=error msg="pq: syntax error at end of input"
time="2024-07-24T13:37:41+07:00" level=error msg="pq: syntax error at end of input"
time="2024-07-24T13:38:01+07:00" level=error msg="pq: syntax error at end of input"
time="2024-07-24T13:38:30+07:00" level=error msg="pq: syntax error at end of input"
time="2024-07-24T13:41:24+07:00" level=error msg="pq: syntax error at end of input"
time="2024-07-24T13:43:22+07:00" level=error msg="pq: got 1 parameters but the statement requires 0"
time="2024-07-24T13:48:19+07:00" level=error msg="pq: column p.id does not exist"
time="2024-07-24T17:17:21+07:00" level=error msg="pq: column \"sub_total\" of relation \"cart_items\" does not exist"
time="2024-07-24T17:20:44+07:00" level=error msg="pq: syntax error at or near \"SET\""
time="2024-07-24T17:22:41+07:00" level=error msg="pq: syntax error at or near \"SET\""
time="2024-07-24T17:22:42+07:00" level=error msg="pq: syntax error at or near \"SET\""
time="2024-07-24T17:23:08+07:00" level=error msg="pq: syntax error at or near \"SET\""
time="2024-07-24T17:23:10+07:00" level=error msg="pq: syntax error at or near \"SET\""
time="2024-07-24T17:23:12+07:00" level=error msg="pq: syntax error at or near \"SET\""
time="2024-07-24T17:34:12+07:00" level=error msg="pq: syntax error at or near \"SET\""
time="2024-07-24T17:38:37+07:00" level=error msg="pq: syntax error at or near \"AND\""
time="2024-07-24T17:40:34+07:00" level=error msg="pq: column \"product_name\" does not exist"
time="2024-07-24T17:41:18+07:00" level=error msg="pq: column reference \"price\" is ambiguous"
time="2024-07-24T20:20:13+07:00" level=error msg="pq: column \"order_number\" does not exist"
time="2024-07-24T20:26:36+07:00" level=error msg="pq: got 7 parameters but the statement requires 6"
time="2024-07-24T20:28:47+07:00" level=error msg="pq: syntax error at end of input"
time="2024-07-24T20:29:38+07:00" level=error msg="pq: syntax error at end of input"
time="2024-07-24T20:29:56+07:00" level=error msg="pq: syntax error at end of input"
time="2024-07-24T20:32:18+07:00" level=error msg="pq: syntax error at end of input"
time="2024-07-24T20:33:21+07:00" level=error msg="pq: syntax error at end of input"
time="2024-07-24T20:35:54+07:00" level=error msg="pq: column \"sub_total\" of relation \"order_items\" does not exist"
time="2024-07-24T23:35:11+07:00" level=error msg="strconv.Atoi: parsing \"ORD-15\": invalid syntax"
time="2024-07-24T23:35:45+07:00" level=error msg="strconv.Atoi: parsing \"ORD-14\": invalid syntax"
time="2024-07-24T23:35:46+07:00" level=error msg="strconv.Atoi: parsing \"ORD-13\": invalid syntax"
time="2024-07-24T23:36:42+07:00" level=error msg="strconv.Atoi: parsing \"ORD-16\": invalid syntax"
time="2024-07-24T23:37:16+07:00" level=error msg="strconv.Atoi: parsing \"ORD-14\": invalid syntax"
time="2024-07-24T23:37:17+07:00" level=error msg="strconv.Atoi: parsing \"ORD-15\": invalid syntax"
time="2024-07-24T23:37:17+07:00" level=error msg="strconv.Atoi: parsing \"ORD-16\": invalid syntax"
time="2024-07-24T23:37:46+07:00" level=error msg="strconv.Atoi: parsing \"ORD-16\": invalid syntax"
time="2024-07-24T23:38:03+07:00" level=error msg="strconv.Atoi: parsing \"ORD-15\": invalid syntax"
time="2024-07-24T23:38:32+07:00" level=error msg="strconv.Atoi: parsing \"ORD-16\": invalid syntax"
time="2024-07-24T23:39:02+07:00" level=error msg="strconv.Atoi: parsing \"ORD-14\": invalid syntax"
time="2024-07-24T23:40:33+07:00" level=error msg="strconv.Atoi: parsing \"ORD-16\": invalid syntax"
time="2024-07-24T23:41:22+07:00" level=error msg="strconv.Atoi: parsing \"ORD-15\": invalid syntax"
time="2024-07-24T23:43:03+07:00" level=error msg="strconv.Atoi: parsing \"ORD-17\": invalid syntax"
time="2024-07-24T23:43:34+07:00" level=error msg="strconv.Atoi: parsing \"ORD-17\": invalid syntax"
time="2024-07-24T23:44:17+07:00" level=error msg="strconv.Atoi: parsing \"ORD-17\": invalid syntax"
time="2024-07-24T23:44:19+07:00" level=error msg="strconv.Atoi: parsing \"ORD-14\": invalid syntax"
time="2024-07-24T23:46:20+07:00" level=error msg="strconv.Atoi: parsing \"ORD-18\": invalid syntax"
time="2024-07-24T23:46:41+07:00" level=error msg="strconv.Atoi: parsing \"ORD-18\": invalid syntax"
time="2024-07-24T23:47:17+07:00" level=error msg="strconv.Atoi: parsing \"ORD-18\": invalid syntax"
time="2024-07-24T23:48:47+07:00" level=error msg="strconv.Atoi: parsing \"ORD-18\": invalid syntax"
time="2024-07-24T23:53:52+07:00" level=error msg="pq: syntax error at or near \"+=\""
time="2024-07-24T23:54:22+07:00" level=error msg="pq: syntax error at or near \"+=\""
time="2024-07-24T23:54:45+07:00" level=error msg="pq: syntax error at or near \"+=\""
time="2024-07-24T23:55:48+07:00" level=error msg="pq: relation \"merchant\" does not exist"
time="2024-07-24T23:56:22+07:00" level=error msg="pq: column \"m\" of relation \"merchants\" does not exist"
time="2024-07-24T23:56:35+07:00" level=error msg="pq: column \"m\" of relation \"merchants\" does not exist"
time="2024-07-24T23:57:27+07:00" level=error msg="pq: column \"m\" of relation \"merchants\" does not exist"
time="2024-07-24T23:57:27+07:00" level=error msg="pq: column \"m\" of relation \"merchants\" does not exist"
time="2024-07-24T23:58:34+07:00" level=error msg="pq: column \"merchants\" of relation \"merchants\" does not exist"
time="2024-07-24T23:58:53+07:00" level=error msg="pq: column \"merchants\" of relation \"merchants\" does not exist"
time="2024-07-24T23:59:00+07:00" level=error msg="pq: column \"merchants\" of relation \"merchants\" does not exist"
time="2024-07-24T23:59:12+07:00" level=error msg="pq: column \"merchants\" of relation \"merchants\" does not exist"
time="2024-07-24T23:59:45+07:00" level=error msg="pq: column \"merchants\" of relation \"merchants\" does not exist"
